#
# A fatal error has been detected by the Java Runtime Environment:
#
#  EXCEPTION_ACCESS_VIOLATION (0xc0000005) at pc=0x000000005873d277, pid=9760, tid=0x0000000000002530
#
# JRE version: OpenJDK Runtime Environment (8.0_202-b03) (build 1.8.0_202-release-1483-b03)
# Java VM: OpenJDK 64-Bit Server VM (25.202-b03 mixed mode windows-amd64 compressed oops)
# Problematic frame:
# V  [jvm.dll+0x1ed277]
#
# Failed to write core dump. Minidumps are not enabled by default on client versions of Windows
#
# If you would like to submit a bug report, please visit:
#   http://bugreport.java.com/bugreport/crash.jsp
#

---------------  T H R E A D  ---------------

Current thread (0x0000000021dbe000):  JavaThread "WorkerExecutor Queue" [_thread_in_vm, id=9520, stack(0x0000000029490000,0x0000000029590000)]

siginfo: ExceptionCode=0xc0000005, writing address 0x0000000029586e90

Registers:
RAX=0x0000000029586e90, RBX=0x0000000000000007, RCX=0x0000000000006000, RDX=0x0000000000000009
RSP=0x000000002958ce90, RBP=0x0000000000000000, RSI=0x000000002958ce90, RDI=0x0000000000000007
R8 =0x0000000000000009, R9 =0x000000001f52cf10, R10=0x000000001b296980, R11=0x000000002949a148
R12=0x000000001f52cf10, R13=0x0000000021dbe000, R14=0x000000002958cf58, R15=0x000000001b296980
RIP=0x000000005873d277, EFLAGS=0x0000000000010206

Top of Stack: (sp=0x000000002958ce90)
0x000000002958ce90:   0000000007a06233 00000000585c4e53
0x000000002958cea0:   0000000021dbe000 000000001f52cf10
0x000000002958ceb0:   00000000ffffffff 000000005873e1a7
0x000000002958cec0:   000000002958cfc0 000000001b296980
0x000000002958ced0:   0000000021dbe000 0000000000000000
0x000000002958cee0:   0000000021dbe000 000000010018c568
0x000000002958cef0:   0000000024182058 0000000000000000
0x000000002958cf00:   000000001b296980 0000000021dbe000
0x000000002958cf10:   0000000003076d60 000000005875976c
0x000000002958cf20:   000000001b34c870 00000000585c4e53
0x000000002958cf30:   000000002958e060 0000000000000000
0x000000002958cf40:   0000000021dbe000 000000001b296980
0x000000002958cf50:   0000000021dbe000 000000001ad3b6b8
0x000000002958cf60:   0000000000000000 0000000000000000
0x000000002958cf70:   000000002958d118 000000001b34c870
0x000000002958cf80:   0000000021dbe000 000000002958d870 

Instructions: (pc=0x000000005873d277)
0x000000005873d257:   48 89 6c 24 30 33 ed 66 90 e8 2b d4 07 00 ff c3
0x000000005873d267:   48 63 c8 48 8b c6 48 0f af cf 48 ff c7 48 2b c1
0x000000005873d277:   89 28 48 63 c3 48 3b 05 f5 94 57 00 7e db 48 8b
0x000000005873d287:   6c 24 30 48 8b 5c 24 38 48 8b 74 24 40 48 83 c4 


Register to memory mapping:

RAX=0x0000000029586e90 is pointing into the stack for thread: 0x0000000021dbe000
RBX=0x0000000000000007 is an unknown value
RCX=0x0000000000006000 is an unknown value
RDX=0x0000000000000009 is an unknown value
RSP=0x000000002958ce90 is pointing into the stack for thread: 0x0000000021dbe000
RBP=0x0000000000000000 is an unknown value
RSI=0x000000002958ce90 is pointing into the stack for thread: 0x0000000021dbe000
RDI=0x0000000000000007 is an unknown value
R8 =0x0000000000000009 is an unknown value
R9 =0x000000001f52cf10 is an unknown value
R10={method} {0x000000001b296988} 'run' '()Ljava/lang/Object;' in 'sun/reflect/MethodAccessorGenerator$1'
R11=0x000000002949a148 is pointing into the stack for thread: 0x0000000021dbe000
R12=0x000000001f52cf10 is an unknown value
R13=0x0000000021dbe000 is a thread
R14=0x000000002958cf58 is pointing into the stack for thread: 0x0000000021dbe000
R15={method} {0x000000001b296988} 'run' '()Ljava/lang/Object;' in 'sun/reflect/MethodAccessorGenerator$1'


Stack: [0x0000000029490000,0x0000000029590000],  sp=0x000000002958ce90,  free space=1011k
Native frames: (J=compiled Java code, j=interpreted, Vv=VM code, C=native code)

Java frames: (J=compiled Java code, j=interpreted, Vv=VM code)
J 1006  java.security.AccessController.doPrivileged(Ljava/security/PrivilegedAction;)Ljava/lang/Object; (0 bytes) @ 0x00000000033d9412 [0x00000000033d93c0+0x52]
J 10888 C1 sun.reflect.MethodAccessorGenerator.generate(Ljava/lang/Class;Ljava/lang/String;[Ljava/lang/Class;Ljava/lang/Class;[Ljava/lang/Class;IZZLjava/lang/Class;)Lsun/reflect/MagicAccessorImpl; (762 bytes) @ 0x0000000004e4f424 [0x0000000004e49f80+0x54a4]
J 24326 C1 sun.reflect.MethodAccessorGenerator.generateMethod(Ljava/lang/Class;Ljava/lang/String;[Ljava/lang/Class;Ljava/lang/Class;[Ljava/lang/Class;I)Lsun/reflect/MethodAccessor; (20 bytes) @ 0x000000000734aa9c [0x000000000734aa00+0x9c]
J 17418 C2 sun.reflect.NativeMethodAccessorImpl.invoke(Ljava/lang/Object;[Ljava/lang/Object;)Ljava/lang/Object; (104 bytes) @ 0x00000000062cefcc [0x00000000062cec60+0x36c]
J 8442 C2 java.lang.reflect.Method.invoke(Ljava/lang/Object;[Ljava/lang/Object;)Ljava/lang/Object; (62 bytes) @ 0x000000000360c074 [0x000000000360bfc0+0xb4]
J 23711 C1 java.io.ObjectStreamClass.invokeReadObject(Ljava/lang/Object;Ljava/io/ObjectInputStream;)V (93 bytes) @ 0x0000000006eb0584 [0x0000000006eb0220+0x364]
J 21334 C1 java.io.ObjectInputStream.readSerialData(Ljava/lang/Object;Ljava/io/ObjectStreamClass;)V (367 bytes) @ 0x0000000006437874 [0x0000000006436fc0+0x8b4]
J 26904 C2 java.io.ObjectInputStream.readObject0(Z)Ljava/lang/Object; (566 bytes) @ 0x0000000007a06bc4 [0x0000000007a05660+0x1564]
J 21023 C1 java.io.ObjectInputStream.defaultReadFields(Ljava/lang/Object;Ljava/io/ObjectStreamClass;)V (199 bytes) @ 0x0000000006cfa9a4 [0x0000000006cfa360+0x644]
J 21334 C1 java.io.ObjectInputStream.readSerialData(Ljava/lang/Object;Ljava/io/ObjectStreamClass;)V (367 bytes) @ 0x0000000006437bd4 [0x0000000006436fc0+0xc14]
J 26904 C2 java.io.ObjectInputStream.readObject0(Z)Ljava/lang/Object; (566 bytes) @ 0x0000000007a06bc4 [0x0000000007a05660+0x1564]
J 21023 C1 java.io.ObjectInputStream.defaultReadFields(Ljava/lang/Object;Ljava/io/ObjectStreamClass;)V (199 bytes) @ 0x0000000006cfa9a4 [0x0000000006cfa360+0x644]
J 21334 C1 java.io.ObjectInputStream.readSerialData(Ljava/lang/Object;Ljava/io/ObjectStreamClass;)V (367 bytes) @ 0x0000000006437bd4 [0x0000000006436fc0+0xc14]
J 26904 C2 java.io.ObjectInputStream.readObject0(Z)Ljava/lang/Object; (566 bytes) @ 0x0000000007a06bc4 [0x0000000007a05660+0x1564]
j  java.io.ObjectInputStream.readArray(Z)Ljava/lang/Object;+412
J 26904 C2 java.io.ObjectInputStream.readObject0(Z)Ljava/lang/Object; (566 bytes) @ 0x0000000007a05f34 [0x0000000007a05660+0x8d4]
J 7209 C1 java.io.ObjectInputStream.readObject()Ljava/lang/Object; (130 bytes) @ 0x0000000003881294 [0x00000000038811c0+0xd4]
j  org.gradle.workers.internal.SerializingActionExecutionSpec.deserialize(Ljava/lang/ClassLoader;)[Ljava/lang/Object;+23
j  org.gradle.workers.internal.SerializingActionExecutionSpec.getParams(Ljava/lang/ClassLoader;)[Ljava/lang/Object;+2
j  org.gradle.workers.internal.DefaultWorkerServer.execute(Lorg/gradle/workers/internal/ActionExecutionSpec;)Lorg/gradle/workers/internal/DefaultWorkResult;+17
j  org.gradle.workers.internal.NoIsolationWorkerFactory$1$1.execute(Lorg/gradle/workers/internal/ActionExecutionSpec;)Lorg/gradle/workers/internal/DefaultWorkResult;+20
j  org.gradle.workers.internal.AbstractWorker$1.call(Lorg/gradle/internal/operations/BuildOperationContext;)Lorg/gradle/workers/internal/DefaultWorkResult;+8
j  org.gradle.workers.internal.AbstractWorker$1.call(Lorg/gradle/internal/operations/BuildOperationContext;)Ljava/lang/Object;+2
J 16840 C2 org.gradle.internal.operations.DefaultBuildOperationExecutor.execute(Lorg/gradle/internal/operations/BuildOperationDescriptor$Builder;Lorg/gradle/internal/operations/DefaultBuildOperationExecutor$BuildOperationState;Lorg/gradle/internal/operations/DefaultBuildOperationExecutor$BuildOperationExecution;)Lorg/gradle/internal/operations/BuildOperation; (111 bytes) @ 0x00000000058e9498 [0x00000000058e84a0+0xff8]
J 22210 C2 org.gradle.internal.operations.DelegatingBuildOperationExecutor.call(Lorg/gradle/internal/operations/CallableBuildOperation;)Ljava/lang/Object; (11 bytes) @ 0x00000000063f2820 [0x00000000063f2620+0x200]
j  org.gradle.workers.internal.AbstractWorker.executeWrappedInBuildOperation(Lorg/gradle/workers/internal/ActionExecutionSpec;Lorg/gradle/internal/operations/BuildOperationRef;Lorg/gradle/workers/internal/AbstractWorker$Work;)Lorg/gradle/workers/internal/DefaultWorkResult;+15
j  org.gradle.workers.internal.NoIsolationWorkerFactory$1.execute(Lorg/gradle/workers/internal/ActionExecutionSpec;Lorg/gradle/internal/operations/BuildOperationRef;)Lorg/gradle/workers/internal/DefaultWorkResult;+11
j  org.gradle.workers.internal.DefaultWorkerExecutor$1.call()Lorg/gradle/workers/internal/DefaultWorkResult;+32
j  org.gradle.workers.internal.DefaultWorkerExecutor$1.call()Ljava/lang/Object;+1
J 6347 C1 java.util.concurrent.FutureTask.run()V (126 bytes) @ 0x00000000042cdf4c [0x00000000042cdd00+0x24c]
j  org.gradle.internal.work.DefaultConditionalExecutionQueue$ExecutionRunner.runExecution(Lorg/gradle/internal/work/ConditionalExecution;)V+6
j  org.gradle.internal.work.DefaultConditionalExecutionQueue$ExecutionRunner.runBatch(Lorg/gradle/internal/work/ConditionalExecution;)V+8
j  org.gradle.internal.work.DefaultConditionalExecutionQueue$ExecutionRunner.run()V+11
J 25025 C2 java.util.concurrent.Executors$RunnableAdapter.call()Ljava/lang/Object; (14 bytes) @ 0x0000000005a401cc [0x0000000005a40160+0x6c]
J 6347 C1 java.util.concurrent.FutureTask.run()V (126 bytes) @ 0x00000000042cdf4c [0x00000000042cdd00+0x24c]
J 24029 C2 org.gradle.internal.concurrent.ManagedExecutorImpl$1.run()V (59 bytes) @ 0x0000000004965f58 [0x0000000004965e20+0x138]
J 19991 C1 java.util.concurrent.ThreadPoolExecutor.runWorker(Ljava/util/concurrent/ThreadPoolExecutor$Worker;)V (225 bytes) @ 0x0000000006459ca4 [0x0000000006458c60+0x1044]
J 26137 C1 java.util.concurrent.ThreadPoolExecutor$Worker.run()V (9 bytes) @ 0x000000000539c144 [0x000000000539c040+0x104]
J 24815 C1 org.gradle.internal.concurrent.ThreadFactoryImpl$ManagedThreadRunnable.run()V (13 bytes) @ 0x0000000005f23df4 [0x0000000005f238a0+0x554]
J 26136 C1 java.lang.Thread.run()V (17 bytes) @ 0x0000000004225a04 [0x00000000042258c0+0x144]
v  ~StubRoutines::call_stub

---------------  P R O C E S S  ---------------

Java Threads: ( => current thread )
=>0x0000000021dbe000 JavaThread "WorkerExecutor Queue" [_thread_in_vm, id=9520, stack(0x0000000029490000,0x0000000029590000)]
  0x0000000021dbb800 JavaThread "Cache worker for execution history cache (C:\Users\IvyBridge\Documents\GitHub\SimpleChatApp\.gradle\5.4.1\executionHistory)" [_thread_blocked, id=11772, stack(0x0000000029390000,0x0000000029490000)]
  0x0000000021db6800 JavaThread "Execution worker for ':' Thread 3" [_thread_in_native, id=17640, stack(0x00000000264c0000,0x00000000265c0000)]
  0x0000000021dbd000 JavaThread "Execution worker for ':' Thread 2" [_thread_blocked, id=440, stack(0x0000000025300000,0x0000000025400000)]
  0x000000001dccd800 JavaThread "Execution worker for ':'" [_thread_in_native, id=3360, stack(0x0000000025200000,0x0000000025300000)]
  0x000000001dccf000 JavaThread "Cache worker for file content cache (C:\Users\IvyBridge\Documents\GitHub\SimpleChatApp\.gradle\5.4.1\fileContent)" [_thread_blocked, id=9916, stack(0x0000000024800000,0x0000000024900000)]
  0x000000001dccd000 JavaThread "Cache worker for Build Output Cleanup Cache (C:\Users\IvyBridge\Documents\GitHub\SimpleChatApp\.gradle\buildOutputCleanup)" [_thread_blocked, id=17116, stack(0x0000000021040000,0x0000000021140000)]
  0x000000001dccc000 JavaThread "Build operations Thread 4" [_thread_blocked, id=6864, stack(0x0000000020f40000,0x0000000021040000)]
  0x000000001dccb800 JavaThread "Build operations Thread 3" [_thread_blocked, id=12336, stack(0x0000000020e40000,0x0000000020f40000)]
  0x000000001dcc4000 JavaThread "Build operations Thread 2" [_thread_blocked, id=16632, stack(0x0000000020d40000,0x0000000020e40000)]
  0x000000001dcca000 JavaThread "Build operations" [_thread_blocked, id=12560, stack(0x0000000020540000,0x0000000020640000)]
  0x000000001dcc2800 JavaThread "Cache worker for cache directory md-rule (C:\Users\IvyBridge\.gradle\caches\5.4.1\md-rule)" [_thread_blocked, id=13160, stack(0x000000001eb80000,0x000000001ec80000)]
  0x000000001dcc9000 JavaThread "Cache worker for cache directory md-supplier (C:\Users\IvyBridge\.gradle\caches\5.4.1\md-supplier)" [_thread_blocked, id=10012, stack(0x000000001d9f0000,0x000000001daf0000)]
  0x000000001dcc7800 JavaThread "Cache worker for file hash cache (C:\Users\IvyBridge\Documents\GitHub\SimpleChatApp\.gradle\5.4.1\fileHashes)" [_thread_blocked, id=16604, stack(0x000000001c220000,0x000000001c320000)]
  0x000000001dcc3000 JavaThread "Thread-417" [_thread_blocked, id=12520, stack(0x000000001bf20000,0x000000001c020000)]
  0x000000001a9ee000 JavaThread "Stdin handler" [_thread_blocked, id=7068, stack(0x000000001be20000,0x000000001bf20000)]
  0x000000001a9f3000 JavaThread "Asynchronous log dispatcher for DefaultDaemonConnection: socket connection from /127.0.0.1:53236 to /127.0.0.1:54818" [_thread_blocked, id=12788, stack(0x000000001bb20000,0x000000001bc20000)]
  0x000000001a9f5000 JavaThread "Cancel handler" [_thread_blocked, id=13192, stack(0x0000000001480000,0x0000000001580000)]
  0x000000001a9f1800 JavaThread "Handler for socket connection from /127.0.0.1:53236 to /127.0.0.1:54818" [_thread_in_native, id=2224, stack(0x0000000001380000,0x0000000001480000)]
  0x000000001a7d9000 JavaThread "Daemon worker Thread 13" [_thread_blocked, id=1188, stack(0x000000001ba20000,0x000000001bb20000)]
  0x000000001a7d5800 JavaThread "Daemon Thread 13" [_thread_blocked, id=6736, stack(0x0000000001280000,0x0000000001380000)]
  0x0000000021dc3000 JavaThread "Cache worker for Java compile cache (C:\Users\IvyBridge\.gradle\caches\5.4.1\javaCompile)" [_thread_blocked, id=3068, stack(0x0000000025100000,0x0000000025200000)]
  0x000000001a9ef000 JavaThread "Cache worker for file content cache (C:\Users\IvyBridge\.gradle\caches\5.4.1\fileContent)" [_thread_blocked, id=2040, stack(0x0000000021140000,0x0000000021240000)]
  0x000000001dcc5800 JavaThread "Memory manager" [_thread_blocked, id=18336, stack(0x0000000023480000,0x0000000023580000)]
  0x00000000199af800 JavaThread "Cache worker for execution history cache (C:\Users\IvyBridge\.gradle\caches\5.4.1\executionHistory)" [_thread_blocked, id=12232, stack(0x0000000020640000,0x0000000020740000)]
  0x00000000199b4000 JavaThread "Cache worker for journal cache (C:\Users\IvyBridge\.gradle\caches\journal-1)" [_thread_in_native, id=18192, stack(0x000000001c720000,0x000000001c820000)]
  0x00000000199ae000 JavaThread "File lock request listener" [_thread_in_native, id=11372, stack(0x000000001c420000,0x000000001c520000)]
  0x00000000198c2800 JavaThread "Cache worker for file hash cache (C:\Users\IvyBridge\.gradle\caches\5.4.1\fileHashes)" [_thread_blocked, id=9468, stack(0x000000001c320000,0x000000001c420000)]
  0x0000000019ab3000 JavaThread "Daemon periodic checks" [_thread_blocked, id=16860, stack(0x000000001b920000,0x000000001ba20000)]
  0x000000001a168800 JavaThread "Incoming local TCP Connector on port 53236" [_thread_in_native, id=7076, stack(0x000000001b6e0000,0x000000001b7e0000)]
  0x000000001944e000 JavaThread "Daemon health stats" [_thread_blocked, id=6580, stack(0x000000001b0a0000,0x000000001b1a0000)]
  0x00000000169fd000 JavaThread "Service Thread" daemon [_thread_blocked, id=15392, stack(0x0000000018700000,0x0000000018800000)]
  0x00000000169a4800 JavaThread "C1 CompilerThread2" daemon [_thread_blocked, id=4328, stack(0x0000000018200000,0x0000000018300000)]
  0x00000000169a0800 JavaThread "C2 CompilerThread1" daemon [_thread_blocked, id=14828, stack(0x0000000018100000,0x0000000018200000)]
  0x000000001699c800 JavaThread "C2 CompilerThread0" daemon [_thread_blocked, id=6716, stack(0x0000000018000000,0x0000000018100000)]
  0x000000001699b000 JavaThread "Attach Listener" daemon [_thread_blocked, id=18036, stack(0x0000000017f00000,0x0000000018000000)]
  0x000000001699a000 JavaThread "Signal Dispatcher" daemon [_thread_blocked, id=17684, stack(0x0000000017e00000,0x0000000017f00000)]
  0x000000000302b000 JavaThread "Finalizer" daemon [_thread_blocked, id=1844, stack(0x0000000017c00000,0x0000000017d00000)]
  0x0000000016989000 JavaThread "Reference Handler" daemon [_thread_blocked, id=16396, stack(0x0000000017b00000,0x0000000017c00000)]
  0x0000000002d7e000 JavaThread "main" [_thread_blocked, id=12668, stack(0x0000000002e30000,0x0000000002f30000)]

Other Threads:
  0x0000000016966000 VMThread [stack: 0x0000000017a00000,0x0000000017b00000] [id=10608]
  0x00000000169fe800 WatcherThread [stack: 0x0000000018800000,0x0000000018900000] [id=10784]

VM state:not at safepoint (normal execution)

VM Mutex/Monitor currently owned by a thread: None

OutOfMemory and StackOverflow Exception counts:
OutOfMemoryError java_heap_errors=1

heap address: 0x00000000a0000000, size: 1536 MB, Compressed Oops mode: 32-bit
Narrow klass base: 0x0000000000000000, Narrow klass shift: 3
Compressed class space size: 1073741824 Address: 0x0000000100000000

Heap:
 PSYoungGen      total 478208K, used 344362K [0x00000000e0000000, 0x0000000100000000, 0x0000000100000000)
  eden space 434176K, 72% used [0x00000000e0000000,0x00000000f3575218,0x00000000fa800000)
  from space 44032K, 62% used [0x00000000fd400000,0x00000000feed5740,0x00000000fff00000)
  to   space 45056K, 0% used [0x00000000fa800000,0x00000000fa800000,0x00000000fd400000)
 ParOldGen       total 242176K, used 90352K [0x00000000a0000000, 0x00000000aec80000, 0x00000000e0000000)
  object space 242176K, 37% used [0x00000000a0000000,0x00000000a583c1b0,0x00000000aec80000)
 Metaspace       used 98842K, capacity 105200K, committed 105472K, reserved 1140736K
  class space    used 12550K, capacity 13608K, committed 13824K, reserved 1048576K

Card table byte_map: [0x00000000123f0000,0x0000000012700000] byte_map_base: 0x0000000011ef0000

Marking Bits: (ParMarkBitMap*) 0x0000000058d19f30
 Begin Bits: [0x0000000012d00000, 0x0000000014500000)
 End Bits:   [0x0000000014500000, 0x0000000015d00000)

Polling page: 0x0000000001130000

CodeCache: size=245760Kb used=75011Kb max_used=75125Kb free=170748Kb
 bounds [0x0000000003030000, 0x0000000007a10000, 0x0000000012030000]
 total_blobs=21011 nmethods=20102 adapters=821
 compilation: enabled

Compilation events (10 events):
Event: 5880.545 Thread 0x00000000169a4800 26956       3       com.google.common.collect.Platform::newHashMapWithExpectedSize (5 bytes)
Event: 5880.546 Thread 0x00000000169a4800 nmethod 26956 0x00000000066c76d0 code [0x00000000066c7880, 0x00000000066c7cc8]
Event: 5880.547 Thread 0x00000000169a4800 26957       3       org.gradle.api.internal.FactoryNamedDomainObjectContainer::filtered (48 bytes)
Event: 5880.547 Thread 0x00000000169a0800 26958       4       org.gradle.api.internal.artifacts.configurations.DefaultConfiguration::preventFromFurtherMutation (68 bytes)
Event: 5880.547 Thread 0x00000000169a4800 nmethod 26957 0x0000000006985c10 code [0x0000000006985e00, 0x00000000069869d8]
Event: 5880.549 Thread 0x00000000169a4800 26959       1       org.gradle.api.internal.attributes.DefaultAttributesSchema::access$000 (5 bytes)
Event: 5880.550 Thread 0x00000000169a4800 nmethod 26959 0x00000000066a9550 code [0x00000000066a96a0, 0x00000000066a9790]
Event: 5880.561 Thread 0x00000000169a0800 nmethod 26958 0x00000000066c6ad0 code [0x00000000066c6c60, 0x00000000066c70a8]
Event: 5880.563 Thread 0x00000000169a4800 26960       1       com.android.build.gradle.internal.PlatformComponents::getAndroidJar$gradle (5 bytes)
Event: 5880.563 Thread 0x00000000169a4800 nmethod 26960 0x00000000066c6810 code [0x00000000066c6960, 0x00000000066c6a70]

GC Heap History (10 events):
Event: 3513.049 GC heap before
{Heap before GC invocations=42 (full 4):
 PSYoungGen      total 466944K, used 427520K [0x00000000e0000000, 0x0000000100000000, 0x0000000100000000)
  eden space 427520K, 100% used [0x00000000e0000000,0x00000000fa180000,0x00000000fa180000)
  from space 39424K, 0% used [0x00000000fb300000,0x00000000fb300000,0x00000000fd980000)
  to   space 39424K, 0% used [0x00000000fd980000,0x00000000fd980000,0x0000000100000000)
 ParOldGen       total 242176K, used 90312K [0x00000000a0000000, 0x00000000aec80000, 0x00000000e0000000)
  object space 242176K, 37% used [0x00000000a0000000,0x00000000a58321b0,0x00000000aec80000)
 Metaspace       used 96747K, capacity 101402K, committed 102144K, reserved 1138688K
  class space    used 12281K, capacity 13117K, committed 13312K, reserved 1048576K
Event: 3513.085 GC heap after
Heap after GC invocations=42 (full 4):
 PSYoungGen      total 468480K, used 16228K [0x00000000e0000000, 0x0000000100000000, 0x0000000100000000)
  eden space 429056K, 0% used [0x00000000e0000000,0x00000000e0000000,0x00000000fa300000)
  from space 39424K, 41% used [0x00000000fd980000,0x00000000fe9593b0,0x0000000100000000)
  to   space 47616K, 0% used [0x00000000fa300000,0x00000000fa300000,0x00000000fd180000)
 ParOldGen       total 242176K, used 90320K [0x00000000a0000000, 0x00000000aec80000, 0x00000000e0000000)
  object space 242176K, 37% used [0x00000000a0000000,0x00000000a58341b0,0x00000000aec80000)
 Metaspace       used 96747K, capacity 101402K, committed 102144K, reserved 1138688K
  class space    used 12281K, capacity 13117K, committed 13312K, reserved 1048576K
}
Event: 4309.138 GC heap before
{Heap before GC invocations=43 (full 4):
 PSYoungGen      total 468480K, used 445284K [0x00000000e0000000, 0x0000000100000000, 0x0000000100000000)
  eden space 429056K, 100% used [0x00000000e0000000,0x00000000fa300000,0x00000000fa300000)
  from space 39424K, 41% used [0x00000000fd980000,0x00000000fe9593b0,0x0000000100000000)
  to   space 47616K, 0% used [0x00000000fa300000,0x00000000fa300000,0x00000000fd180000)
 ParOldGen       total 242176K, used 90320K [0x00000000a0000000, 0x00000000aec80000, 0x00000000e0000000)
  object space 242176K, 37% used [0x00000000a0000000,0x00000000a58341b0,0x00000000aec80000)
 Metaspace       used 97099K, capacity 101912K, committed 102400K, reserved 1138688K
  class space    used 12305K, capacity 13158K, committed 13312K, reserved 1048576K
Event: 4309.156 GC heap after
Heap after GC invocations=43 (full 4):
 PSYoungGen      total 476672K, used 9420K [0x00000000e0000000, 0x0000000100000000, 0x0000000100000000)
  eden space 429056K, 0% used [0x00000000e0000000,0x00000000e0000000,0x00000000fa300000)
  from space 47616K, 19% used [0x00000000fa300000,0x00000000fac33098,0x00000000fd180000)
  to   space 47104K, 0% used [0x00000000fd200000,0x00000000fd200000,0x0000000100000000)
 ParOldGen       total 242176K, used 90328K [0x00000000a0000000, 0x00000000aec80000, 0x00000000e0000000)
  object space 242176K, 37% used [0x00000000a0000000,0x00000000a58361b0,0x00000000aec80000)
 Metaspace       used 97099K, capacity 101912K, committed 102400K, reserved 1138688K
  class space    used 12305K, capacity 13158K, committed 13312K, reserved 1048576K
}
Event: 4604.990 GC heap before
{Heap before GC invocations=44 (full 4):
 PSYoungGen      total 476672K, used 438476K [0x00000000e0000000, 0x0000000100000000, 0x0000000100000000)
  eden space 429056K, 100% used [0x00000000e0000000,0x00000000fa300000,0x00000000fa300000)
  from space 47616K, 19% used [0x00000000fa300000,0x00000000fac33098,0x00000000fd180000)
  to   space 47104K, 0% used [0x00000000fd200000,0x00000000fd200000,0x0000000100000000)
 ParOldGen       total 242176K, used 90328K [0x00000000a0000000, 0x00000000aec80000, 0x00000000e0000000)
  object space 242176K, 37% used [0x00000000a0000000,0x00000000a58361b0,0x00000000aec80000)
 Metaspace       used 98044K, capacity 103864K, committed 104320K, reserved 1140736K
  class space    used 12470K, capacity 13462K, committed 13696K, reserved 1048576K
Event: 4605.018 GC heap after
Heap after GC invocations=44 (full 4):
 PSYoungGen      total 473088K, used 12299K [0x00000000e0000000, 0x00000000ffc80000, 0x0000000100000000)
  eden space 429568K, 0% used [0x00000000e0000000,0x00000000e0000000,0x00000000fa380000)
  from space 43520K, 28% used [0x00000000fd200000,0x00000000fde02ff0,0x00000000ffc80000)
  to   space 45568K, 0% used [0x00000000fa380000,0x00000000fa380000,0x00000000fd000000)
 ParOldGen       total 242176K, used 90336K [0x00000000a0000000, 0x00000000aec80000, 0x00000000e0000000)
  object space 242176K, 37% used [0x00000000a0000000,0x00000000a58381b0,0x00000000aec80000)
 Metaspace       used 98044K, capacity 103864K, committed 104320K, reserved 1140736K
  class space    used 12470K, capacity 13462K, committed 13696K, reserved 1048576K
}
Event: 4930.700 GC heap before
{Heap before GC invocations=45 (full 4):
 PSYoungGen      total 473088K, used 441867K [0x00000000e0000000, 0x00000000ffc80000, 0x0000000100000000)
  eden space 429568K, 100% used [0x00000000e0000000,0x00000000fa380000,0x00000000fa380000)
  from space 43520K, 28% used [0x00000000fd200000,0x00000000fde02ff0,0x00000000ffc80000)
  to   space 45568K, 0% used [0x00000000fa380000,0x00000000fa380000,0x00000000fd000000)
 ParOldGen       total 242176K, used 90336K [0x00000000a0000000, 0x00000000aec80000, 0x00000000e0000000)
  object space 242176K, 37% used [0x00000000a0000000,0x00000000a58381b0,0x00000000aec80000)
 Metaspace       used 98340K, capacity 104384K, committed 104576K, reserved 1140736K
  class space    used 12493K, capacity 13504K, committed 13696K, reserved 1048576K
Event: 4930.741 GC heap after
Heap after GC invocations=45 (full 4):
 PSYoungGen      total 475136K, used 12139K [0x00000000e0000000, 0x00000000fff00000, 0x0000000100000000)
  eden space 429568K, 0% used [0x00000000e0000000,0x00000000e0000000,0x00000000fa380000)
  from space 45568K, 26% used [0x00000000fa380000,0x00000000faf5afd8,0x00000000fd000000)
  to   space 44032K, 0% used [0x00000000fd400000,0x00000000fd400000,0x00000000fff00000)
 ParOldGen       total 242176K, used 90344K [0x00000000a0000000, 0x00000000aec80000, 0x00000000e0000000)
  object space 242176K, 37% used [0x00000000a0000000,0x00000000a583a1b0,0x00000000aec80000)
 Metaspace       used 98340K, capacity 104384K, committed 104576K, reserved 1140736K
  class space    used 12493K, capacity 13504K, committed 13696K, reserved 1048576K
}
Event: 5857.971 GC heap before
{Heap before GC invocations=46 (full 4):
 PSYoungGen      total 475136K, used 441707K [0x00000000e0000000, 0x00000000fff00000, 0x0000000100000000)
  eden space 429568K, 100% used [0x00000000e0000000,0x00000000fa380000,0x00000000fa380000)
  from space 45568K, 26% used [0x00000000fa380000,0x00000000faf5afd8,0x00000000fd000000)
  to   space 44032K, 0% used [0x00000000fd400000,0x00000000fd400000,0x00000000fff00000)
 ParOldGen       total 242176K, used 90344K [0x00000000a0000000, 0x00000000aec80000, 0x00000000e0000000)
  object space 242176K, 37% used [0x00000000a0000000,0x00000000a583a1b0,0x00000000aec80000)
 Metaspace       used 98636K, capacity 104890K, committed 105088K, reserved 1140736K
  class space    used 12527K, capacity 13567K, committed 13696K, reserved 1048576K
Event: 5858.156 GC heap after
Heap after GC invocations=46 (full 4):
 PSYoungGen      total 478208K, used 27477K [0x00000000e0000000, 0x0000000100000000, 0x0000000100000000)
  eden space 434176K, 0% used [0x00000000e0000000,0x00000000e0000000,0x00000000fa800000)
  from space 44032K, 62% used [0x00000000fd400000,0x00000000feed5740,0x00000000fff00000)
  to   space 45056K, 0% used [0x00000000fa800000,0x00000000fa800000,0x00000000fd400000)
 ParOldGen       total 242176K, used 90352K [0x00000000a0000000, 0x00000000aec80000, 0x00000000e0000000)
  object space 242176K, 37% used [0x00000000a0000000,0x00000000a583c1b0,0x00000000aec80000)
 Metaspace       used 98636K, capacity 104890K, committed 105088K, reserved 1140736K
  class space    used 12527K, capacity 13567K, committed 13696K, reserved 1048576K
}

Deoptimization events (10 events):
Event: 5861.396 Thread 0x000000001a9f1800 Uncommon trap: reason=class_check action=maybe_recompile pc=0x00000000071611c8 method=com.google.common.collect.Maps$3.transform(Ljava/lang/Object;)Ljava/util/Map$Entry; @ 6
Event: 5861.396 Thread 0x000000001a9f1800 Uncommon trap: reason=bimorphic action=maybe_recompile pc=0x0000000007190368 method=com.google.common.collect.TransformedIterator.next()Ljava/lang/Object; @ 5
Event: 5861.396 Thread 0x000000001a9f1800 Uncommon trap: reason=class_check action=maybe_recompile pc=0x00000000071611c8 method=com.google.common.collect.Maps$3.transform(Ljava/lang/Object;)Ljava/util/Map$Entry; @ 6
Event: 5861.397 Thread 0x000000001a9f1800 Uncommon trap: reason=class_check action=maybe_recompile pc=0x00000000071611c8 method=com.google.common.collect.Maps$3.transform(Ljava/lang/Object;)Ljava/util/Map$Entry; @ 6
Event: 5861.399 Thread 0x000000001a9f1800 Uncommon trap: reason=predicate action=maybe_recompile pc=0x0000000007943738 method=com.google.common.collect.RegularImmutableMap.fromEntryArray(I[Ljava/util/Map$Entry;)Lcom/google/common/collect/ImmutableMap; @ 62
Event: 5861.695 Thread 0x000000001a9f1800 Uncommon trap: reason=array_check action=maybe_recompile pc=0x0000000006522cb0 method=com.google.common.collect.RegularImmutableMap.fromEntryArray(I[Ljava/util/Map$Entry;)Lcom/google/common/collect/ImmutableMap; @ 157
Event: 5861.850 Thread 0x000000001a7d9000 Uncommon trap: reason=unstable_if action=reinterpret pc=0x00000000076e6f74 method=java.util.concurrent.ForkJoinPool.externalPush(Ljava/util/concurrent/ForkJoinTask;)V @ 42
Event: 5880.506 Thread 0x000000001a7d9000 Uncommon trap: reason=unstable_if action=reinterpret pc=0x00000000034e5c64 method=org.gradle.internal.snapshot.impl.DefaultValueSnapshotter.processValue(Ljava/lang/Object;Lorg/gradle/internal/snapshot/impl/DefaultValueSnapshotter$ValueVisitor;)Ljava/lang/
Event: 5880.559 Thread 0x000000001dccb800 Uncommon trap: reason=class_check action=maybe_recompile pc=0x00000000062a64cc method=org.gradle.api.internal.artifacts.transform.DefaultTransformationNodeRegistry.unpackTransformation(Lorg/gradle/api/internal/artifacts/transform/Transformation;)Ljava/uti
Event: 5880.606 Thread 0x000000001a7d9000 Uncommon trap: reason=uninitialized action=reinterpret pc=0x00000000052e8c18 method=org.gradle.internal.reflect.JavaMethod.invoke(Ljava/lang/Object;[Ljava/lang/Object;)Ljava/lang/Object; @ 21

Classes redefined (0 events):
No events

Internal exceptions (10 events):
Event: 5853.566 Thread 0x0000000021dc4000 Exception <a 'java/lang/NoSuchMethodError': <clinit>> (0x00000000f59c0ea8) thrown at [D:\src\AOSP-openjdk-cygwin\jdk8u\hotspot\src\share\vm\prims\jni.cpp, line 1614]
Event: 5859.968 Thread 0x000000001dcc9000 Exception <a 'sun/nio/fs/WindowsException'> (0x00000000e32b5ca8) thrown at [D:\src\AOSP-openjdk-cygwin\jdk8u\hotspot\src\share\vm\prims\jni.cpp, line 710]
Event: 5860.037 Thread 0x000000001dcc9000 Exception <a 'sun/nio/fs/WindowsException'> (0x00000000e35420c0) thrown at [D:\src\AOSP-openjdk-cygwin\jdk8u\hotspot\src\share\vm\prims\jni.cpp, line 710]
Event: 5860.038 Thread 0x000000001dcc9000 Exception <a 'sun/nio/fs/WindowsException'> (0x00000000e35909d0) thrown at [D:\src\AOSP-openjdk-cygwin\jdk8u\hotspot\src\share\vm\prims\jni.cpp, line 710]
Event: 5860.504 Thread 0x000000001dcc4000 Exception <a 'sun/nio/fs/WindowsException'> (0x00000000e40a79b0) thrown at [D:\src\AOSP-openjdk-cygwin\jdk8u\hotspot\src\share\vm\prims\jni.cpp, line 710]
Event: 5861.324 Thread 0x000000001a9f3800 Exception <a 'sun/nio/fs/WindowsException'> (0x00000000ec1eb420) thrown at [D:\src\AOSP-openjdk-cygwin\jdk8u\hotspot\src\share\vm\prims\jni.cpp, line 710]
Event: 5861.849 Thread 0x000000001a7d9000 Exception <a 'sun/nio/fs/WindowsException'> (0x00000000eeb6af98) thrown at [D:\src\AOSP-openjdk-cygwin\jdk8u\hotspot\src\share\vm\prims\jni.cpp, line 710]
Event: 5880.506 Thread 0x000000001a7d9000 Implicit null exception at 0x00000000034e4059 to 0x00000000034e5c49
Event: 5880.605 Thread 0x000000001a7d9000 Exception <a 'java/lang/OutOfMemoryError': unable to create new native thread> (0x00000000f2f08cc0) thrown at [D:\src\AOSP-openjdk-cygwin\jdk8u\hotspot\src\share\vm\prims\jvm.cpp, line 3147]
Event: 5880.606 Thread 0x000000001a7d9000 Exception <a 'java/lang/reflect/InvocationTargetException'> (0x00000000f2f09a50) thrown at [D:\src\AOSP-openjdk-cygwin\jdk8u\hotspot\src\share\vm\runtime\reflection.cpp, line 1092]

Events (10 events):
Event: 5880.559 Thread 0x000000001dccb800 DEOPT PACKING pc=0x00000000062a64cc sp=0x0000000020f3e9b0
Event: 5880.559 Thread 0x000000001dccb800 DEOPT UNPACKING pc=0x000000000307557b sp=0x0000000020f3e840 mode 2
Event: 5880.569 Executing VM operation: BulkRevokeBias
Event: 5880.570 Executing VM operation: BulkRevokeBias done
Event: 5880.577 Thread 0x0000000021dbe000 Thread added: 0x0000000021dbe000
Event: 5880.606 Thread 0x000000001a7d9000 Uncommon trap: trap_request=0xffffffb5 fr.pc=0x00000000052e8c18
Event: 5880.606 Thread 0x000000001a7d9000 DEOPT PACKING pc=0x00000000052e8c18 sp=0x000000001bb1a5f0
Event: 5880.606 Thread 0x000000001a7d9000 DEOPT UNPACKING pc=0x000000000307557b sp=0x000000001bb1a5c0 mode 2
Event: 5880.647 Executing VM operation: RevokeBias
Event: 5880.648 Executing VM operation: RevokeBias done


Dynamic libraries:
0x00007ff663bf0000 - 0x00007ff663c21000 	C:\Program Files\Android\android-studio\jre\bin\java.exe
0x00007ffa1ded0000 - 0x00007ffa1e0c5000 	C:\Windows\SYSTEM32\ntdll.dll
0x00007ff9e6c60000 - 0x00007ff9e6c73000 	C:\Program Files\Avast Software\Avast\aswhook.dll
0x00007ffa1cb30000 - 0x00007ffa1cbed000 	C:\Windows\System32\KERNEL32.DLL
0x00007ffa1b9a0000 - 0x00007ffa1bc68000 	C:\Windows\System32\KERNELBASE.dll
0x00007ffa1cbf0000 - 0x00007ffa1cc9c000 	C:\Windows\System32\ADVAPI32.dll
0x00007ffa1ddf0000 - 0x00007ffa1de8e000 	C:\Windows\System32\msvcrt.dll
0x00007ffa1da00000 - 0x00007ffa1da9b000 	C:\Windows\System32\sechost.dll
0x00007ffa1dc90000 - 0x00007ffa1ddbb000 	C:\Windows\System32\RPCRT4.dll
0x00007ffa1d150000 - 0x00007ffa1d2f0000 	C:\Windows\System32\USER32.dll
0x00007ffa1bd10000 - 0x00007ffa1bd32000 	C:\Windows\System32\win32u.dll
0x00007ffa1cfa0000 - 0x00007ffa1cfca000 	C:\Windows\System32\GDI32.dll
0x00007ffa1bd40000 - 0x00007ffa1be4b000 	C:\Windows\System32\gdi32full.dll
0x00007ffa1bc70000 - 0x00007ffa1bd0d000 	C:\Windows\System32\msvcp_win.dll
0x00007ffa1b850000 - 0x00007ffa1b950000 	C:\Windows\System32\ucrtbase.dll
0x00007ffa05f90000 - 0x00007ffa0622a000 	C:\Windows\WinSxS\amd64_microsoft.windows.common-controls_6595b64144ccf1df_6.0.19041.844_none_ca00b6081b84eb1d\COMCTL32.dll
0x00007ffa1ddc0000 - 0x00007ffa1ddf0000 	C:\Windows\System32\IMM32.DLL
0x0000000058470000 - 0x0000000058542000 	C:\Program Files\Android\android-studio\jre\jre\bin\msvcr100.dll
0x0000000058550000 - 0x0000000058d96000 	C:\Program Files\Android\android-studio\jre\jre\bin\server\jvm.dll
0x00007ffa1c3d0000 - 0x00007ffa1c3d8000 	C:\Windows\System32\PSAPI.DLL
0x00007ffa0a170000 - 0x00007ffa0a179000 	C:\Windows\SYSTEM32\WSOCK32.dll
0x00007ffa1d0e0000 - 0x00007ffa1d14b000 	C:\Windows\System32\WS2_32.dll
0x00007ffa07040000 - 0x00007ffa07067000 	C:\Windows\SYSTEM32\WINMM.dll
0x00007ffa19d30000 - 0x00007ffa19d3a000 	C:\Windows\SYSTEM32\VERSION.dll
0x00007ffa16940000 - 0x00007ffa1694f000 	C:\Program Files\Android\android-studio\jre\jre\bin\verify.dll
0x00007ffa0b3e0000 - 0x00007ffa0b409000 	C:\Program Files\Android\android-studio\jre\jre\bin\java.dll
0x00007ffa0be80000 - 0x00007ffa0be96000 	C:\Program Files\Android\android-studio\jre\jre\bin\zip.dll
0x00007ffa1c3e0000 - 0x00007ffa1cb22000 	C:\Windows\System32\SHELL32.dll
0x00007ffa19480000 - 0x00007ffa19c11000 	C:\Windows\SYSTEM32\windows.storage.dll
0x00007ffa1bf30000 - 0x00007ffa1c285000 	C:\Windows\System32\combase.dll
0x00007ffa1b080000 - 0x00007ffa1b0ac000 	C:\Windows\SYSTEM32\Wldp.dll
0x00007ffa1cfd0000 - 0x00007ffa1d07e000 	C:\Windows\System32\SHCORE.dll
0x00007ffa1ceb0000 - 0x00007ffa1cf05000 	C:\Windows\System32\shlwapi.dll
0x00007ffa1b550000 - 0x00007ffa1b56f000 	C:\Windows\SYSTEM32\profapi.dll
0x00007ffa0a110000 - 0x00007ffa0a12a000 	C:\Program Files\Android\android-studio\jre\jre\bin\net.dll
0x00007ffa1adf0000 - 0x00007ffa1ae5a000 	C:\Windows\system32\mswsock.dll
0x00007ffa0a0f0000 - 0x00007ffa0a101000 	C:\Program Files\Android\android-studio\jre\jre\bin\nio.dll
0x00007ffa0bea0000 - 0x00007ffa0bec6000 	C:\Users\IvyBridge\.gradle\native\29\windows-amd64\native-platform.dll
0x00007ffa16930000 - 0x00007ffa1693d000 	C:\Program Files\Android\android-studio\jre\jre\bin\management.dll
0x00007ffa1afd0000 - 0x00007ffa1afe8000 	C:\Windows\SYSTEM32\CRYPTSP.dll
0x00007ffa1a720000 - 0x00007ffa1a754000 	C:\Windows\system32\rsaenh.dll
0x00007ffa1b820000 - 0x00007ffa1b847000 	C:\Windows\System32\bcrypt.dll
0x00007ffa1b4d0000 - 0x00007ffa1b4fe000 	C:\Windows\SYSTEM32\USERENV.dll
0x00007ffa1be50000 - 0x00007ffa1bed0000 	C:\Windows\System32\bcryptprimitives.dll
0x00007ffa1afc0000 - 0x00007ffa1afcc000 	C:\Windows\SYSTEM32\CRYPTBASE.dll
0x00007ffa1aa90000 - 0x00007ffa1aacb000 	C:\Windows\SYSTEM32\IPHLPAPI.DLL
0x00007ffa1c3c0000 - 0x00007ffa1c3c8000 	C:\Windows\System32\NSI.dll
0x00007ffa0ce30000 - 0x00007ffa0ce47000 	C:\Windows\SYSTEM32\dhcpcsvc6.DLL
0x00007ffa0d600000 - 0x00007ffa0d61d000 	C:\Windows\SYSTEM32\dhcpcsvc.DLL
0x00007ffa1aae0000 - 0x00007ffa1abac000 	C:\Windows\SYSTEM32\DNSAPI.dll
0x00007ffa016c0000 - 0x00007ffa016e4000 	C:\Program Files\Android\android-studio\jre\jre\bin\sunec.dll
0x000000005a270000 - 0x000000005a296000 	C:\Program Files\Bonjour\mdnsNSP.dll
0x00007ffa12ee0000 - 0x00007ffa12eea000 	C:\Windows\System32\rasadhlp.dll
0x00007ffa0b5a0000 - 0x00007ffa0b61f000 	C:\Windows\System32\fwpuclnt.dll
0x00007ffa096b0000 - 0x00007ffa096bb000 	C:\Program Files\Android\android-studio\jre\jre\bin\sunmscapi.dll
0x00007ffa1b6c0000 - 0x00007ffa1b81f000 	C:\Windows\System32\CRYPT32.dll
0x00007ffa18270000 - 0x00007ffa18300000 	C:\Windows\system32\apphelp.dll

VM Arguments:
jvm_args: -Xmx1536m -Dfile.encoding=windows-1252 -Duser.country=ZA -Duser.language=en -Duser.variant 
java_command: org.gradle.launcher.daemon.bootstrap.GradleDaemon 5.4.1
java_class_path (initial): C:\Users\IvyBridge\.gradle\wrapper\dists\gradle-5.4.1-all\3221gyojl5jsh0helicew7rwx\gradle-5.4.1\lib\gradle-launcher-5.4.1.jar
Launcher Type: SUN_STANDARD

Environment Variables:
PATH=C:\Program Files\Common Files\Oracle\Java\javapath;C:\Windows\system32;C:\Windows;C:\Windows\System32\Wbem;C:\Windows\System32\WindowsPowerShell\v1.0\;C:\Windows\System32\OpenSSH\;C:\Program Files\NVIDIA Corporation\NVIDIA NvDLISR;C:\Program Files\Git\cmd;C:\Program Files (x86)\NVIDIA Corporation\PhysX\Common;C:\Program Files\dotnet\;C:\Program Files\Microsoft SQL Server\130\Tools\Binn\;C:\Program Files\Microsoft SQL Server\Client SDK\ODBC\170\Tools\Binn\;C:\Users\IvyBridge\AppData\Local\Microsoft\WindowsApps;C:\Users\IvyBridge\AppData\Local\GitHubDesktop\bin;C:\Users\IvyBridge\AppData\Local\Programs\Microsoft VS Code\bin;C:\Users\IvyBridge\.dotnet\tools
USERNAME=IvyBridge
OS=Windows_NT
PROCESSOR_IDENTIFIER=Intel64 Family 6 Model 78 Stepping 3, GenuineIntel



---------------  S Y S T E M  ---------------

OS: Windows 10.0 , 64 bit Build 19041 (10.0.19041.928)

CPU:total 4 (initial active 4) (2 cores per cpu, 2 threads per core) family 6 model 78 stepping 3, cmov, cx8, fxsr, mmx, sse, sse2, sse3, ssse3, sse4.1, sse4.2, popcnt, avx, avx2, aes, clmul, erms, rtm, 3dnowpref, lzcnt, ht, tsc, tscinvbit, bmi1, bmi2, adx

Memory: 4k page, physical 7952880k(382004k free), swap 12048880k(0k free)

vm_info: OpenJDK 64-Bit Server VM (25.202-b03) for windows-amd64 JRE (1.8.0_202-release-1483-b03), built by "builder" with MS VC++ 10.0 (VS2010)

time: Thu May 13 12:14:16 2021
timezone: South Africa Standard Time
elapsed time: 5880 seconds (0d 1h 38m 0s)

